0 info it worked if it ends with ok
1 verbose cli [ '/home/joshua/.nvm/versions/node/v6.0.0/bin/node',
1 verbose cli   '/home/joshua/.nvm/versions/node/v6.0.0/bin/npm',
1 verbose cli   'run',
1 verbose cli   'test' ]
2 info using npm@3.8.6
3 info using node@v6.0.0
4 verbose run-script [ 'pretest', 'test', 'posttest' ]
5 info lifecycle node-101@1.0.0~pretest: node-101@1.0.0
6 silly lifecycle node-101@1.0.0~pretest: no script for pretest, continuing
7 info lifecycle node-101@1.0.0~test: node-101@1.0.0
8 verbose lifecycle node-101@1.0.0~test: unsafe-perm in lifecycle true
9 verbose lifecycle node-101@1.0.0~test: PATH: /home/joshua/.nvm/versions/node/v6.0.0/lib/node_modules/npm/bin/node-gyp-bin:/home/joshua/Development/repos/talks/js-master-class/js-live-class-code/node_modules/.bin:/home/joshua/.nvm/versions/node/v6.0.0/bin:/home/joshua/.nvm/versions/node/v6.0.0/bin:/home/joshua/.zplug/bin:/home/joshua/bin:/usr/local/sbin:/usr/local/bin:/usr/bin:/usr/lib/jvm/default/bin:/usr/bin/site_perl:/usr/bin/vendor_perl:/usr/bin/core_perl
10 verbose lifecycle node-101@1.0.0~test: CWD: /home/joshua/Development/repos/talks/js-master-class/js-live-class-code
11 silly lifecycle node-101@1.0.0~test: Args: [ '-c', 'tape -r babel-register \'src/**/*spec.js\'' ]
12 silly lifecycle node-101@1.0.0~test: Returned: code: 1  signal: null
13 info lifecycle node-101@1.0.0~test: Failed to exec test script
14 verbose stack Error: node-101@1.0.0 test: `tape -r babel-register 'src/**/*spec.js'`
14 verbose stack Exit status 1
14 verbose stack     at EventEmitter.<anonymous> (/home/joshua/.nvm/versions/node/v6.0.0/lib/node_modules/npm/lib/utils/lifecycle.js:239:16)
14 verbose stack     at emitTwo (events.js:106:13)
14 verbose stack     at EventEmitter.emit (events.js:191:7)
14 verbose stack     at ChildProcess.<anonymous> (/home/joshua/.nvm/versions/node/v6.0.0/lib/node_modules/npm/lib/utils/spawn.js:24:14)
14 verbose stack     at emitTwo (events.js:106:13)
14 verbose stack     at ChildProcess.emit (events.js:191:7)
14 verbose stack     at maybeClose (internal/child_process.js:850:16)
14 verbose stack     at Process.ChildProcess._handle.onexit (internal/child_process.js:215:5)
15 verbose pkgid node-101@1.0.0
16 verbose cwd /home/joshua/Development/repos/talks/js-master-class/js-live-class-code/src
17 error Linux 4.8.13-1-ARCH
18 error argv "/home/joshua/.nvm/versions/node/v6.0.0/bin/node" "/home/joshua/.nvm/versions/node/v6.0.0/bin/npm" "run" "test"
19 error node v6.0.0
20 error npm  v3.8.6
21 error code ELIFECYCLE
22 error node-101@1.0.0 test: `tape -r babel-register 'src/**/*spec.js'`
22 error Exit status 1
23 error Failed at the node-101@1.0.0 test script 'tape -r babel-register 'src/**/*spec.js''.
23 error Make sure you have the latest version of node.js and npm installed.
23 error If you do, this is most likely a problem with the node-101 package,
23 error not with npm itself.
23 error Tell the author that this fails on your system:
23 error     tape -r babel-register 'src/**/*spec.js'
23 error You can get information on how to open an issue for this project with:
23 error     npm bugs node-101
23 error Or if that isn't available, you can get their info via:
23 error     npm owner ls node-101
23 error There is likely additional logging output above.
24 verbose exit [ 1, true ]
